<?xml version="1.0" encoding="UTF-8"?>
<!-- Generated by org.testng.reporters.JUnitReportReporter -->
<testsuite hostname="DESKTOP-30Q0EPC" failures="0" tests="1" name="com.practice.SeleniumTest.sampleTest1" time="0.046" errors="0" timestamp="2019-07-12T18:33:28 IST" skipped="0">
  <testcase classname="com.practice.SeleniumTest.sampleTest1" name="dupljicate" time="0.046"/>
</testsuite> <!-- com.practice.SeleniumTest.sampleTest1 -->
