<?xml version="1.0" encoding="UTF-8"?>
<!-- Generated by org.testng.reporters.JUnitReportReporter -->
<testsuite hostname="DESKTOP-30Q0EPC" failures="0" tests="3" name="com.practice.SeleniumTest.dataProvid" time="0.044" errors="0" timestamp="2019-08-13T08:14:18 IST" skipped="0">
  <testcase classname="com.practice.SeleniumTest.dataProvid" name="tes1" time="0.016"/>
  <testcase classname="com.practice.SeleniumTest.dataProvid" name="tes1" time="0.000"/>
  <testcase classname="com.practice.SeleniumTest.dataProvid" name="tes1" time="0.028"/>
</testsuite> <!-- com.practice.SeleniumTest.dataProvid -->
