<?xml version="1.0" encoding="UTF-8"?>
<!-- Generated by org.testng.reporters.JUnitReportReporter -->
<testsuite hostname="DESKTOP-30Q0EPC" failures="0" tests="1" name="com.practice.SeleniumTest.Testclass" time="4.065" errors="0" timestamp="2019-08-10T16:38:23 IST" skipped="0">
  <testcase classname="com.practice.SeleniumTest.Testclass" name="test1" time="4.065"/>
</testsuite> <!-- com.practice.SeleniumTest.Testclass -->
