<?xml version="1.0" encoding="UTF-8"?>
<!-- Generated by org.testng.reporters.JUnitReportReporter -->
<testsuite hostname="DESKTOP-30Q0EPC" failures="0" tests="1" name="PageObjectClass$.conftest" time="32.642" errors="0" timestamp="2019-09-20T07:16:51 IST" skipped="0">
  <testcase classname="PageObjectClass$.conftest" name="test" time="32.642"/>
</testsuite> <!-- PageObjectClass$.conftest -->
