<?xml version="1.0" encoding="UTF-8"?>
<!-- Generated by org.testng.reporters.JUnitReportReporter -->
<testsuite hostname="DESKTOP-30Q0EPC" failures="0" tests="3" name="com.practice.SeleniumTest.stingTest" time="0.037" errors="0" timestamp="2019-08-01T10:26:17 IST" skipped="0">
  <testcase classname="com.practice.SeleniumTest.stingTest" name="h" time="0.037"/>
  <testcase classname="com.practice.SeleniumTest.stingTest" name="m" time="0.000"/>
  <testcase classname="com.practice.SeleniumTest.stingTest" name="sb" time="0.000"/>
</testsuite> <!-- com.practice.SeleniumTest.stingTest -->
