<?xml version="1.0" encoding="UTF-8"?>
<!-- Generated by org.testng.reporters.JUnitReportReporter -->
<testsuite hostname="DESKTOP-30Q0EPC" failures="0" tests="1" name="com.practice.SeleniumTest.xpathDynTable" time="26.295" errors="0" timestamp="2019-07-27T12:58:32 IST" skipped="0">
  <testcase classname="com.practice.SeleniumTest.xpathDynTable" name="table" time="26.295"/>
</testsuite> <!-- com.practice.SeleniumTest.xpathDynTable -->
