<?xml version="1.0" encoding="UTF-8"?>
<!-- Generated by org.testng.reporters.JUnitReportReporter -->
<testsuite hostname="DESKTOP-30Q0EPC" failures="0" tests="1" name="PageObjectClass$.lifeA$" time="0.031" errors="0" timestamp="2019-09-10T22:31:38 IST" skipped="0">
  <testcase classname="PageObjectClass$.lifeA$" name="p" time="0.031"/>
</testsuite> <!-- PageObjectClass$.lifeA$ -->
