<?xml version="1.0" encoding="UTF-8"?>
<!-- Generated by org.testng.reporters.JUnitReportReporter -->
<testsuite hostname="DESKTOP-30Q0EPC" failures="0" tests="1" name="com.practice.SeleniumTest.DyTable" time="16.433" errors="0" timestamp="2019-07-14T15:14:17 IST" skipped="0">
  <testcase classname="com.practice.SeleniumTest.DyTable" name="tble" time="16.433"/>
</testsuite> <!-- com.practice.SeleniumTest.DyTable -->
