<?xml version="1.0" encoding="UTF-8"?>
<!-- Generated by org.testng.reporters.JUnitReportReporter -->
<testsuite hostname="DESKTOP-30Q0EPC" failures="0" tests="5" name="com.practice.SeleniumTest.mapi" time="0.045" errors="0" timestamp="2019-08-20T19:35:58 IST" skipped="0">
  <testcase classname="com.practice.SeleniumTest.mapi" name="test56" time="0.005"/>
  <testcase classname="com.practice.SeleniumTest.mapi" name="data1" time="0.004"/>
  <testcase classname="com.practice.SeleniumTest.mapi" name="intmap" time="0.008"/>
  <testcase classname="com.practice.SeleniumTest.mapi" name="inth" time="0.005"/>
  <testcase classname="com.practice.SeleniumTest.mapi" name="data1" time="0.023"/>
</testsuite> <!-- com.practice.SeleniumTest.mapi -->
