<?xml version="1.0" encoding="UTF-8"?>
<!-- Generated by org.testng.reporters.JUnitReportReporter -->
<testsuite hostname="DESKTOP-30Q0EPC" failures="0" tests="1" name="com.practice.SeleniumTest.stringFunction" time="0.043" errors="0" timestamp="2019-08-01T16:41:22 IST" skipped="0">
  <testcase classname="com.practice.SeleniumTest.stringFunction" name="pal" time="0.043"/>
</testsuite> <!-- com.practice.SeleniumTest.stringFunction -->
